<?xml version="1.0" encoding="UTF-8"?>
<testng-results ignored="0" total="2" passed="2" failed="0" skipped="0">
  <reporter-output>
  </reporter-output>
  <suite started-at="2023-07-25T15:02:49 IST" name="Suite" finished-at="2023-07-25T15:03:10 IST" duration-ms="20555">
    <groups>
    </groups>
    <test started-at="2023-07-25T15:02:49 IST" name="Test" finished-at="2023-07-25T15:03:10 IST" duration-ms="20555">
      <class name="ecommerce.Amazon">
        <test-method signature="amazonTest()[pri:0, instance:ecommerce.Amazon@2ef3eef9]" started-at="2023-07-25T15:03:02 IST" name="amazonTest" finished-at="2023-07-25T15:03:10 IST" duration-ms="7556" status="PASS">
          <reporter-output>
          </reporter-output>
        </test-method> <!-- amazonTest -->
      </class> <!-- ecommerce.Amazon -->
      <class name="ecommerce.Flipkart">
        <test-method signature="flipkartTest()[pri:0, instance:ecommerce.Flipkart@647e447]" started-at="2023-07-25T15:02:49 IST" name="flipkartTest" finished-at="2023-07-25T15:03:02 IST" duration-ms="12952" status="PASS">
          <reporter-output>
          </reporter-output>
        </test-method> <!-- flipkartTest -->
      </class> <!-- ecommerce.Flipkart -->
    </test> <!-- Test -->
  </suite> <!-- Suite -->
</testng-results>
